2026-01-17 20:02:44,195 - INFO - Showing 144 students
2026-01-17 20:02:44,495 - INFO - Loaded 3 exams
2026-01-17 20:02:46,445 - INFO - Loaded 3 exams
2026-01-17 20:02:46,448 - INFO - Loaded 20 results
2026-01-17 20:02:46,474 - INFO - Loaded 1875 payments
2026-01-17 20:02:46,557 - INFO - Application loaded successfully
2026-01-22 02:18:49,365 - INFO - Showing 144 students
2026-01-22 02:18:49,692 - INFO - Loaded 3 exams
2026-01-22 02:18:51,933 - INFO - Loaded 3 exams
2026-01-22 02:18:51,943 - INFO - Loaded 20 results
2026-01-22 02:18:51,998 - INFO - Loaded 1875 payments
2026-01-22 02:18:52,153 - INFO - Application loaded successfully
2026-01-22 02:23:21,536 - INFO - Exam created: ID 4, Physics
2026-01-22 02:23:21,542 - INFO - Exam form cleared
2026-01-22 02:23:21,546 - INFO - Created exam: Weekly Test #01 - Physics (2026-01-22)
2026-01-22 02:23:23,890 - INFO - Loaded 4 exams
2026-01-22 02:23:32,374 - INFO - Loaded exam details: Weekly Test #01 - Physics
2026-01-22 02:36:42,903 - INFO - Loaded student ID: 143
2026-01-22 02:37:18,426 - INFO - Loaded student ID: 143
2026-01-22 02:37:26,702 - INFO - Loaded student ID: 3
2026-01-22 02:37:33,153 - INFO - Loaded student ID: 3
2026-01-22 02:37:45,879 - INFO - Showing 144 students
2026-01-22 02:37:46,838 - INFO - Showing 144 students
2026-01-22 02:37:47,661 - INFO - Loaded student ID: 3
2026-01-22 02:37:49,899 - INFO - Showing 144 students
2026-01-22 02:37:50,492 - INFO - Loaded student ID: 3
2026-01-22 02:38:45,109 - INFO - Loaded exam details: Weekly Test #01 - Physics
2026-01-22 02:38:46,894 - INFO - Ready to enter results for exam 4
2026-01-22 02:39:01,708 - INFO - Loaded 142 students for exam 3
2026-01-22 03:00:26,342 - INFO - Loaded student: MD.Sertaj Ahmed (Balance: -500 Tk)
2026-01-22 05:15:32,769 - INFO - Showing 144 students
2026-01-22 05:15:33,254 - INFO - Loaded 4 exams
2026-01-22 05:15:36,838 - INFO - Loaded 4 exams
2026-01-22 05:15:36,845 - INFO - Loaded 20 results
2026-01-22 05:15:36,879 - INFO - Loaded 1875 payments
2026-01-22 05:15:36,982 - INFO - Application loaded successfully
